#
# There is insufficient memory for the Java Runtime Environment to continue.
# Native memory allocation (mmap) failed to map 268435456 bytes for G1 virtual space
# Possible reasons:
#   The system is out of physical RAM or swap space
#   The process is running with CompressedOops enabled, and the Java Heap may be blocking the growth of the native heap
# Possible solutions:
#   Reduce memory load on the system
#   Increase physical memory or swap space
#   Check if swap backing store is full
#   Decrease Java heap size (-Xmx/-Xms)
#   Decrease number of Java threads
#   Decrease Java thread stack sizes (-Xss)
#   Set larger code cache with -XX:ReservedCodeCacheSize=
#   JVM is running with Zero Based Compressed Oops mode in which the Java heap is
#     placed in the first 32GB address space. The Java Heap base address is the
#     maximum limit for the native heap growth. Please use -XX:HeapBaseMinAddress
#     to set the Java Heap base and to place the Java Heap above 32GB virtual address.
# This output file may be truncated or incomplete.
#
#  Out of Memory Error (os_windows.cpp:3469), pid=13068, tid=4248
#
# JRE version:  (17.0.1+12) (build )
# Java VM: OpenJDK 64-Bit Server VM (17.0.1+12, mixed mode, sharing, tiered, compressed oops, compressed class ptrs, g1 gc, windows-amd64)
# No core dump will be written. Minidumps are not enabled by default on client versions of Windows
#

---------------  S U M M A R Y ------------

Command Line: -Dfile.encoding=UTF-8 -XX:+ShowCodeDetailsInExceptionMessages me.mostafa.tawbah.Tawbah

Host: AMD Ryzen 5 5600X 6-Core Processor             , 12 cores, 15G,  Windows 10 , 64 bit Build 19041 (10.0.19041.2546)
Time: Thu Mar 23 20:11:03 2023 Egypt Standard Time elapsed time: 0.010615 seconds (0d 0h 0m 0s)

---------------  T H R E A D  ---------------

Current thread (0x000001d36149d720):  JavaThread "Unknown thread" [_thread_in_vm, id=4248, stack(0x0000005c6fc00000,0x0000005c6fd00000)]

Stack: [0x0000005c6fc00000,0x0000005c6fd00000]
Native frames: (J=compiled Java code, j=interpreted, Vv=VM code, C=native code)
V  [jvm.dll+0x6744da]
V  [jvm.dll+0x82e144]
V  [jvm.dll+0x82f8ee]
V  [jvm.dll+0x82ff53]
V  [jvm.dll+0x245175]
V  [jvm.dll+0x6714c9]
V  [jvm.dll+0x665f92]
V  [jvm.dll+0x303c3b]
V  [jvm.dll+0x30b176]
V  [jvm.dll+0x35af1e]
V  [jvm.dll+0x35b14f]
V  [jvm.dll+0x2dab78]
V  [jvm.dll+0x2dbae4]
V  [jvm.dll+0x7ffdf1]
V  [jvm.dll+0x368c91]
V  [jvm.dll+0x7df2cc]
V  [jvm.dll+0x3eb59f]
V  [jvm.dll+0x3ed121]
C  [jli.dll+0x5277]
C  [ucrtbase.dll+0x21bb2]
C  [KERNEL32.DLL+0x17614]
C  [ntdll.dll+0x526a1]


---------------  P R O C E S S  ---------------

Threads class SMR info:
_java_thread_list=0x00007ffcc7544e58, length=0, elements={
}

Java Threads: ( => current thread )

Other Threads:
  0x000001d3614eea20 GCTaskThread "GC Thread#0" [stack: 0x0000005c6fd00000,0x0000005c6fe00000] [id=5860]
  0x000001d3614ff830 ConcurrentGCThread "G1 Main Marker" [stack: 0x0000005c6fe00000,0x0000005c6ff00000] [id=19804]
  0x000001d361501250 ConcurrentGCThread "G1 Conc#0" [stack: 0x0000005c6ff00000,0x0000005c70000000] [id=31532]

[error occurred during error reporting (printing all threads), id 0xc0000005, EXCEPTION_ACCESS_VIOLATION (0xc0000005) at pc=0x00007ffcc6d1b5f7]

VM state: not at safepoint (not fully initialized)

VM Mutex/Monitor currently owned by a thread:  ([mutex/lock_event])
[0x000001d361497170] Heap_lock - owner thread: 0x000001d36149d720

Heap address: 0x0000000701200000, size: 4078 MB, Compressed Oops mode: Zero based, Oop shift amount: 3

CDS archive(s) mapped at: [0x0000000000000000-0x0000000000000000-0x0000000000000000), size 0, SharedBaseAddress: 0x0000000800000000, ArchiveRelocationMode: 0.
Narrow klass base: 0x0000000000000000, Narrow klass shift: 0, Narrow klass range: 0x0

GC Precious Log:
<Empty>

Heap:
 garbage-first heap   total 0K, used 0K [0x0000000701200000, 0x0000000800000000)
  region size 2048K, 0 young (0K), 0 survivors (0K)

[error occurred during error reporting (printing heap information), id 0xc0000005, EXCEPTION_ACCESS_VIOLATION (0xc0000005) at pc=0x00007ffcc70fd729]

GC Heap History (0 events):
No events

Deoptimization events (0 events):
No events

Classes unloaded (0 events):
No events

Classes redefined (0 events):
No events

Internal exceptions (0 events):
No events

VM Operations (0 events):
No events

Events (1 events):
Event: 0.005 Loaded shared library C:\Users\10\.p2\pool\plugins\org.eclipse.justj.openjdk.hotspot.jre.full.win32.x86_64_17.0.1.v20211116-1657\jre\bin\java.dll


Dynamic libraries:
0x00007ff652710000 - 0x00007ff65271e000 	C:\Users\10\.p2\pool\plugins\org.eclipse.justj.openjdk.hotspot.jre.full.win32.x86_64_17.0.1.v20211116-1657\jre\bin\javaw.exe
0x00007ffdd2d70000 - 0x00007ffdd2f68000 	C:\Windows\SYSTEM32\ntdll.dll
0x00007ffdd1330000 - 0x00007ffdd13ef000 	C:\Windows\System32\KERNEL32.DLL
0x00007ffdd0a40000 - 0x00007ffdd0d12000 	C:\Windows\System32\KERNELBASE.dll
0x00007ffdd0940000 - 0x00007ffdd0a40000 	C:\Windows\System32\ucrtbase.dll
0x00007ffdbff60000 - 0x00007ffdbff78000 	C:\Users\10\.p2\pool\plugins\org.eclipse.justj.openjdk.hotspot.jre.full.win32.x86_64_17.0.1.v20211116-1657\jre\bin\jli.dll
0x00007ffdd1b20000 - 0x00007ffdd1cc1000 	C:\Windows\System32\USER32.dll
0x00007ffdcd870000 - 0x00007ffdcd889000 	C:\Users\10\.p2\pool\plugins\org.eclipse.justj.openjdk.hotspot.jre.full.win32.x86_64_17.0.1.v20211116-1657\jre\bin\VCRUNTIME140.dll
0x00007ffdd0910000 - 0x00007ffdd0932000 	C:\Windows\System32\win32u.dll
0x00007ffdd0fd0000 - 0x00007ffdd0ffb000 	C:\Windows\System32\GDI32.dll
0x00007ffdd0800000 - 0x00007ffdd090f000 	C:\Windows\System32\gdi32full.dll
0x00007ffdbb560000 - 0x00007ffdbb7fa000 	C:\Windows\WinSxS\amd64_microsoft.windows.common-controls_6595b64144ccf1df_6.0.19041.1110_none_60b5254171f9507e\COMCTL32.dll
0x00007ffdd11e0000 - 0x00007ffdd127e000 	C:\Windows\System32\msvcrt.dll
0x00007ffdd0d20000 - 0x00007ffdd0dbd000 	C:\Windows\System32\msvcp_win.dll
0x00007ffdd0e70000 - 0x00007ffdd0ea0000 	C:\Windows\System32\IMM32.DLL
0x00007ffdc0250000 - 0x00007ffdc025c000 	C:\Users\10\.p2\pool\plugins\org.eclipse.justj.openjdk.hotspot.jre.full.win32.x86_64_17.0.1.v20211116-1657\jre\bin\vcruntime140_1.dll
0x00007ffd32b10000 - 0x00007ffd32ba1000 	C:\Users\10\.p2\pool\plugins\org.eclipse.justj.openjdk.hotspot.jre.full.win32.x86_64_17.0.1.v20211116-1657\jre\bin\msvcp140.dll
0x00007ffcc6a30000 - 0x00007ffcc7676000 	C:\Users\10\.p2\pool\plugins\org.eclipse.justj.openjdk.hotspot.jre.full.win32.x86_64_17.0.1.v20211116-1657\jre\bin\server\jvm.dll
0x00007ffdd1a70000 - 0x00007ffdd1b1e000 	C:\Windows\System32\ADVAPI32.dll
0x00007ffdd1020000 - 0x00007ffdd10bc000 	C:\Windows\System32\sechost.dll
0x00007ffdd1ce0000 - 0x00007ffdd1e04000 	C:\Windows\System32\RPCRT4.dll
0x00007ffdd1000000 - 0x00007ffdd1008000 	C:\Windows\System32\PSAPI.DLL
0x00007ffd2bfe0000 - 0x00007ffd2bfe9000 	C:\Windows\SYSTEM32\WSOCK32.dll
0x00007ffdc3a20000 - 0x00007ffdc3a47000 	C:\Windows\SYSTEM32\WINMM.dll
0x00007ffdd2900000 - 0x00007ffdd296b000 	C:\Windows\System32\WS2_32.dll
0x00007ffdc71c0000 - 0x00007ffdc71ca000 	C:\Windows\SYSTEM32\VERSION.dll
0x00007ffdce310000 - 0x00007ffdce322000 	C:\Windows\SYSTEM32\kernel.appcore.dll
0x00007ffdcb950000 - 0x00007ffdcb95a000 	C:\Users\10\.p2\pool\plugins\org.eclipse.justj.openjdk.hotspot.jre.full.win32.x86_64_17.0.1.v20211116-1657\jre\bin\jimage.dll
0x00007ffdc2ee0000 - 0x00007ffdc30c4000 	C:\Windows\SYSTEM32\DBGHELP.DLL
0x00007ffdb6ee0000 - 0x00007ffdb6f15000 	C:\Windows\SYSTEM32\dbgcore.DLL
0x00007ffdd06b0000 - 0x00007ffdd0732000 	C:\Windows\System32\bcryptPrimitives.dll
0x00007ffdb6270000 - 0x00007ffdb6295000 	C:\Users\10\.p2\pool\plugins\org.eclipse.justj.openjdk.hotspot.jre.full.win32.x86_64_17.0.1.v20211116-1657\jre\bin\java.dll

dbghelp: loaded successfully - version: 4.0.5 - missing functions: none
symbol engine: initialized successfully - sym options: 0x614 - pdb path: .;C:\Users\10\.p2\pool\plugins\org.eclipse.justj.openjdk.hotspot.jre.full.win32.x86_64_17.0.1.v20211116-1657\jre\bin;C:\Windows\SYSTEM32;C:\Windows\WinSxS\amd64_microsoft.windows.common-controls_6595b64144ccf1df_6.0.19041.1110_none_60b5254171f9507e;C:\Users\10\.p2\pool\plugins\org.eclipse.justj.openjdk.hotspot.jre.full.win32.x86_64_17.0.1.v20211116-1657\jre\bin\server

VM Arguments:
jvm_args: -Dfile.encoding=UTF-8 -XX:+ShowCodeDetailsInExceptionMessages 
java_command: me.mostafa.tawbah.Tawbah
java_class_path (initial): D:\Programming\Projects\!!![ Tawbah ] - BackendAPI\bin;D:\Programming\Minecraft Programming\lombok.jar;D:\Programming\Minecraft Programming\gson-2.8.2.jar
Launcher Type: SUN_STANDARD

[Global flags]
     intx CICompilerCount                          = 4                                         {product} {ergonomic}
     uint ConcGCThreads                            = 3                                         {product} {ergonomic}
     uint G1ConcRefinementThreads                  = 10                                        {product} {ergonomic}
   size_t G1HeapRegionSize                         = 2097152                                   {product} {ergonomic}
    uintx GCDrainStackTargetSize                   = 64                                        {product} {ergonomic}
   size_t InitialHeapSize                          = 268435456                                 {product} {ergonomic}
   size_t MarkStackSize                            = 4194304                                   {product} {ergonomic}
   size_t MaxHeapSize                              = 4276092928                                {product} {ergonomic}
   size_t MinHeapDeltaBytes                        = 2097152                                   {product} {ergonomic}
   size_t MinHeapSize                              = 8388608                                   {product} {ergonomic}
    uintx NonNMethodCodeHeapSize                   = 5839372                                {pd product} {ergonomic}
    uintx NonProfiledCodeHeapSize                  = 122909434                              {pd product} {ergonomic}
    uintx ProfiledCodeHeapSize                     = 122909434                              {pd product} {ergonomic}
    uintx ReservedCodeCacheSize                    = 251658240                              {pd product} {ergonomic}
     bool SegmentedCodeCache                       = true                                      {product} {ergonomic}
     bool ShowCodeDetailsInExceptionMessages       = true                                   {manageable} {command line}
   size_t SoftMaxHeapSize                          = 4276092928                             {manageable} {ergonomic}
     bool UseCompressedClassPointers               = true                           {product lp64_product} {ergonomic}
     bool UseCompressedOops                        = true                           {product lp64_product} {ergonomic}
     bool UseG1GC                                  = true                                      {product} {ergonomic}
     bool UseLargePagesIndividualAllocation        = false                                  {pd product} {ergonomic}

Logging:
Log output configuration:
 #0: stdout all=warning uptime,level,tags
 #1: stderr all=off uptime,level,tags

Environment Variables:
PATH=C:/Users/10/.p2/pool/plugins/org.eclipse.justj.openjdk.hotspot.jre.full.win32.x86_64_17.0.1.v20211116-1657/jre/bin/server;C:/Users/10/.p2/pool/plugins/org.eclipse.justj.openjdk.hotspot.jre.full.win32.x86_64_17.0.1.v20211116-1657/jre/bin;C:\Program Files\Common Files\Oracle\Java\javapath;D:\VM WARE\bin\;C:\ProgramData\Oracle\Java\javapath;C:\Program Files (x86)\Common Files\Oracle\Java\javapath;C:\Windows\system32;C:\Windows;C:\Windows\System32\Wbem;C:\Windows\System32\WindowsPowerShell\v1.0\;C:\Windows\System32\OpenSSH\;C:\Program Files (x86)\NVIDIA Corporation\PhysX\Common;C:\Program Files\NVIDIA Corporation\NVIDIA NvDLISR;C:\Program Files\PuTTY\;C:\Users\10\Desktop\GeneratorFabricMod\bin;C:\Program Files\nodejs\;C:\Program Files\CMake\bin;C:\Program Files\dotnet\;D:\MATLAB 2015\runtime\win64;D:\MATLAB 2015\bin;D:\MATLAB 2015\polyspace\bin;C:\Program Files\Git\cmd;C:\Users\10\AppData\Local\Programs\Python\Python310\Scripts\;C:\Users\10\AppData\Local\Programs\Python\Python310\;C:\Users\10\AppData\Local\Microsoft\WindowsApps;C:\Users\10\AppData\Local\Programs\Microsoft VS Code\bin;C:\Users\10\AppData\Local\GitHubDesktop\bin;C:\Users\10\AppData\Roaming\npm;C:\Program Files\JetBrains\IntelliJ IDEA Community Edition 2022.1.1\bin;C:\Users\10\AppData\Local\JetBrains\Toolbox\scripts;C:\Users\10\.dotnet\tools;C:\flutter\flutter\bin;;D:\Programming\eclipse;
USERNAME=MAdly
OS=Windows_NT
PROCESSOR_IDENTIFIER=AMD64 Family 25 Model 33 Stepping 0, AuthenticAMD



---------------  S Y S T E M  ---------------

OS:
 Windows 10 , 64 bit Build 19041 (10.0.19041.2546)
OS uptime: 0 days 6:11 hours
Hyper-V role detected

CPU: total 12 (initial active 12) (12 cores per cpu, 2 threads per core) family 25 model 33 stepping 0 microcode 0x0, cx8, cmov, fxsr, ht, mmx, 3dnowpref, sse, sse2, sse3, ssse3, sse4a, sse4.1, sse4.2, popcnt, lzcnt, tsc, tscinvbit, avx, avx2, aes, erms, clmul, bmi1, bmi2, adx, sha, fma, vzeroupper, clflush, clflushopt, hv

Memory: 4k page, system-wide physical 16307M (311M free)
TotalPageFile size 34942M (AvailPageFile size 171M)
current process WorkingSet (physical memory assigned to process): 10M, peak: 10M
current process commit charge ("private bytes"): 64M, peak: 320M

vm_info: OpenJDK 64-Bit Server VM (17.0.1+12) for windows-amd64 JRE (17.0.1+12), built on Oct 20 2021 07:42:55 by "" with MS VC++ 16.7 (VS2019)

END.
